2025-10-01 14:23:54:2354 [32minfo[39m: [32m::1 POST /auth/uploadimage 500 224 - 21.513 ms[39m
[32m[39m
2025-10-01 14:24:37:2437 [32minfo[39m: [32m::1 POST /auth/uploadimage 500 267 - 17.971 ms[39m
[32m[39m
2025-10-01 14:27:19:2719 [32minfo[39m: [32m::1 POST /auth/uploadimage 200 241 - 25.567 ms[39m
[32m[39m
2025-10-01 14:33:15:3315 [32minfo[39m: [32m::1 POST /auth/uploadimage 200 287 - 18.367 ms[39m
[32m[39m
2025-10-01 14:33:41:3341 [32minfo[39m: [32m::1 POST /auth/uploadimage 200 279 - 25.903 ms[39m
[32m[39m
2025-10-01 14:35:54:3554 [32minfo[39m: [32m::1 POST /auth/uploadimage 200 279 - 27.950 ms[39m
[32m[39m
2025-10-01 14:36:04:364 [32minfo[39m: [32m::1 POST /auth/uploadimage 200 279 - 6.998 ms[39m
[32m[39m
2025-10-01 14:53:01:531 [32minfo[39m: [32m::1 POST /auth/uploadimage 200 - - 71.159 ms[39m
[32m[39m
2025-10-01 14:58:27:5827 [32minfo[39m: [32m::1 POST /auth/uploadimage 200 14 - 24.922 ms[39m
[32m[39m
2025-10-01 14:58:57:5857 [32minfo[39m: [32m::1 POST /auth/uploadimage 200 14 - 3067.433 ms[39m
[32m[39m
2025-10-01 14:59:37:5937 [32minfo[39m: [32m::1 POST /auth/uploadimage 200 94 - 3862.585 ms[39m
[32m[39m
2025-10-01 15:03:14:314 [32minfo[39m: [32m::1 POST /auth/uploadimage 200 94 - 11570.560 ms[39m
[32m[39m
2025-10-01 15:30:53:3053 [32minfo[39m: [32m::1 POST /auth/uploadimage 200 95 - 5350.103 ms[39m
[32m[39m
2025-10-01 15:31:32:3132 [32minfo[39m: [32m::1 POST /auth/uploadimage 200 95 - 3777.439 ms[39m
[32m[39m
2025-10-01 15:32:14:3214 [32minfo[39m: [32m::1 POST /auth/uploadimage 200 95 - 5419.292 ms[39m
[32m[39m
2025-10-01 15:33:52:3352 [32minfo[39m: [32m::1 POST /auth/uploadimage 500 244 - 12.718 ms[39m
[32m[39m
2025-10-01 15:35:31:3531 [32minfo[39m: [32m::1 POST /auth/uploadimage 200 5 - 113.239 ms[39m
[32m[39m
2025-10-01 15:36:03:363 [32minfo[39m: [32m::1 POST /auth/uploadimage 200 - - 30.821 ms[39m
[32m[39m
2025-10-01 15:36:37:3637 [32minfo[39m: [32m::1 POST /auth/uploadimage 400 2 - 28.400 ms[39m
[32m[39m
2025-10-01 15:36:52:3652 [32minfo[39m: [32m::1 POST /auth/uploadimage 400 2 - 27.593 ms[39m
[32m[39m
2025-10-01 15:38:27:3827 [32minfo[39m: [32m::1 POST /auth/uploadimage 200 560 - 35.870 ms[39m
[32m[39m
2025-10-01 16:41:41:4141 [32minfo[39m: [32m::1 POST /auth/uploadimage 200 560 - 353.846 ms[39m
[32m[39m
2025-10-01 16:52:56:5256 [32minfo[39m: [32m::1 POST /signin 200 49 - 18.199 ms[39m
[32m[39m
2025-10-01 16:54:42:5442 [32minfo[39m: [32m::1 POST /signin 500 1335 - 19.833 ms[39m
[32m[39m
2025-10-01 16:54:54:5454 [32minfo[39m: [32m::1 POST /signin 500 1335 - 37.412 ms[39m
[32m[39m
2025-10-01 16:55:04:554 [32minfo[39m: [32m::1 POST /signin 200 49 - 27.618 ms[39m
[32m[39m
2025-10-01 17:04:50:450 [32minfo[39m: [32m::1 POST /signin 200 49 - 16952.496 ms[39m
[32m[39m
2025-10-01 17:06:50:650 [32minfo[39m: [32m::1 POST /signin 200 439 - 14772.520 ms[39m
[32m[39m
2025-10-01 17:43:00:430 [32minfo[39m: [32m::1 POST /auth/ 404 145 - 27.116 ms[39m
[32m[39m
2025-10-01 17:43:02:432 [32minfo[39m: [32m::1 POST /auth 404 144 - 3.154 ms[39m
[32m[39m
2025-10-01 17:43:13:4313 [32minfo[39m: [32m::1 POST /auth 404 144 - 6.675 ms[39m
[32m[39m
2025-10-01 17:43:20:4320 [32minfo[39m: [32m::1 GET /auth 200 50 - 2.489 ms[39m
[32m[39m
2025-10-01 17:44:10:4410 [32minfo[39m: [32m::1 GET /auth 200 50 - 5.470 ms[39m
[32m[39m
2025-10-01 17:47:13:4713 [32minfo[39m: [32m::1 POST /auth 500 230 - 13.486 ms[39m
[32m[39m
2025-10-01 17:49:30:4930 [32minfo[39m: [32m::1 POST /auth 200 50 - 20.800 ms[39m
[32m[39m
2025-10-01 17:51:28:5128 [32minfo[39m: [32m::1 POST /auth 200 50 - 16.434 ms[39m
[32m[39m
2025-10-01 17:51:51:5151 [32minfo[39m: [32m::1 POST /auth 200 50 - 5.742 ms[39m
[32m[39m
2025-10-01 21:55:54:5554 [32minfo[39m: [32m::1 POST /auth 500 1350 - 116.263 ms[39m
[32m[39m
2025-10-01 21:57:02:572 [32minfo[39m: [32m::1 POST /auth 500 1350 - 4.635 ms[39m
[32m[39m
2025-10-01 21:58:23:5823 [32minfo[39m: [32m::1 POST /auth 200 50 - 26.097 ms[39m
[32m[39m
2025-10-01 21:59:35:5935 [32minfo[39m: [32m::1 POST /auth 200 50 - 26.665 ms[39m
[32m[39m
2025-10-01 22:01:42:142 [32minfo[39m: [32m::1 POST /auth 200 50 - 27.122 ms[39m
[32m[39m
2025-10-01 22:02:33:233 [32minfo[39m: [32m::1 POST /auth 200 50 - 27.288 ms[39m
[32m[39m
2025-10-01 22:03:26:326 [32minfo[39m: [32m::1 POST /auth 200 50 - 21.849 ms[39m
[32m[39m
2025-10-03 20:21:04:214 [32minfo[39m: [32m::1 POST /signin 200 451 - 27207.035 ms[39m
[32m[39m
2025-10-03 20:28:54:2854 [32minfo[39m: [32m::1 GET /auth/getall 200 3533 - 66.828 ms[39m
[32m[39m
